C:\USERS\ROZKEN\DOCUMENTS\DROPBOX\DEVELOPMENT\CPP\SUBSUMPTION\SUBSUMPTIONROBOTENVIRONMENT\DEBUG\SUBSUMPTIONROBOTENVIRONMENT.EXE
C:\USERS\ROZKEN\DOCUMENTS\DROPBOX\DEVELOPMENT\CPP\SUBSUMPTION\SUBSUMPTIONROBOTENVIRONMENT\DEBUG\SUBSUMPTIONROBOTENVIRONMENT.ILK
C:\USERS\ROZKEN\DOCUMENTS\DROPBOX\DEVELOPMENT\CPP\SUBSUMPTION\SUBSUMPTIONROBOTENVIRONMENT\DEBUG\SUBSUMPTIONROBOTENVIRONMENT.PDB
C:\Users\RozKen\Documents\Dropbox\Development\cpp\subsumption\SubsumptionRobotEnvironment\SubsumptionRobotEnvironment\Debug\cl.command.1.tlog
C:\Users\RozKen\Documents\Dropbox\Development\cpp\subsumption\SubsumptionRobotEnvironment\SubsumptionRobotEnvironment\Debug\CL.read.1.tlog
C:\Users\RozKen\Documents\Dropbox\Development\cpp\subsumption\SubsumptionRobotEnvironment\SubsumptionRobotEnvironment\Debug\CL.write.1.tlog
C:\USERS\ROZKEN\DOCUMENTS\DROPBOX\DEVELOPMENT\CPP\SUBSUMPTION\SUBSUMPTIONROBOTENVIRONMENT\SUBSUMPTIONROBOTENVIRONMENT\DEBUG\CLIENT.OBJ
C:\Users\RozKen\Documents\Dropbox\Development\cpp\subsumption\SubsumptionRobotEnvironment\SubsumptionRobotEnvironment\Debug\link.1168.read.1.tlog
C:\Users\RozKen\Documents\Dropbox\Development\cpp\subsumption\SubsumptionRobotEnvironment\SubsumptionRobotEnvironment\Debug\link.1168.write.1.tlog
C:\Users\RozKen\Documents\Dropbox\Development\cpp\subsumption\SubsumptionRobotEnvironment\SubsumptionRobotEnvironment\Debug\link.1168-cvtres.read.1.tlog
C:\Users\RozKen\Documents\Dropbox\Development\cpp\subsumption\SubsumptionRobotEnvironment\SubsumptionRobotEnvironment\Debug\link.1168-cvtres.write.1.tlog
C:\Users\RozKen\Documents\Dropbox\Development\cpp\subsumption\SubsumptionRobotEnvironment\SubsumptionRobotEnvironment\Debug\link.2268.read.1.tlog
C:\Users\RozKen\Documents\Dropbox\Development\cpp\subsumption\SubsumptionRobotEnvironment\SubsumptionRobotEnvironment\Debug\link.2268.write.1.tlog
C:\Users\RozKen\Documents\Dropbox\Development\cpp\subsumption\SubsumptionRobotEnvironment\SubsumptionRobotEnvironment\Debug\link.2268-cvtres.read.1.tlog
C:\Users\RozKen\Documents\Dropbox\Development\cpp\subsumption\SubsumptionRobotEnvironment\SubsumptionRobotEnvironment\Debug\link.2268-cvtres.write.1.tlog
C:\Users\RozKen\Documents\Dropbox\Development\cpp\subsumption\SubsumptionRobotEnvironment\SubsumptionRobotEnvironment\Debug\link.command.1.tlog
C:\Users\RozKen\Documents\Dropbox\Development\cpp\subsumption\SubsumptionRobotEnvironment\SubsumptionRobotEnvironment\Debug\link.read.1.tlog
C:\Users\RozKen\Documents\Dropbox\Development\cpp\subsumption\SubsumptionRobotEnvironment\SubsumptionRobotEnvironment\Debug\link.write.1.tlog
C:\Users\RozKen\Documents\Dropbox\Development\cpp\subsumption\SubsumptionRobotEnvironment\SubsumptionRobotEnvironment\Debug\link-cvtres.read.1.tlog
C:\Users\RozKen\Documents\Dropbox\Development\cpp\subsumption\SubsumptionRobotEnvironment\SubsumptionRobotEnvironment\Debug\link-cvtres.write.1.tlog
C:\Users\RozKen\Documents\Dropbox\Development\cpp\subsumption\SubsumptionRobotEnvironment\SubsumptionRobotEnvironment\Debug\mt.command.1.tlog
C:\Users\RozKen\Documents\Dropbox\Development\cpp\subsumption\SubsumptionRobotEnvironment\SubsumptionRobotEnvironment\Debug\mt.read.1.tlog
C:\Users\RozKen\Documents\Dropbox\Development\cpp\subsumption\SubsumptionRobotEnvironment\SubsumptionRobotEnvironment\Debug\mt.write.1.tlog
C:\USERS\ROZKEN\DOCUMENTS\DROPBOX\DEVELOPMENT\CPP\SUBSUMPTION\SUBSUMPTIONROBOTENVIRONMENT\SUBSUMPTIONROBOTENVIRONMENT\DEBUG\PART.OBJ
C:\Users\RozKen\Documents\Dropbox\Development\cpp\subsumption\SubsumptionRobotEnvironment\SubsumptionRobotEnvironment\Debug\rc.command.1.tlog
C:\Users\RozKen\Documents\Dropbox\Development\cpp\subsumption\SubsumptionRobotEnvironment\SubsumptionRobotEnvironment\Debug\rc.read.1.tlog
C:\Users\RozKen\Documents\Dropbox\Development\cpp\subsumption\SubsumptionRobotEnvironment\SubsumptionRobotEnvironment\Debug\rc.write.1.tlog
C:\USERS\ROZKEN\DOCUMENTS\DROPBOX\DEVELOPMENT\CPP\SUBSUMPTION\SUBSUMPTIONROBOTENVIRONMENT\SUBSUMPTIONROBOTENVIRONMENT\DEBUG\SERVER.OBJ
C:\USERS\ROZKEN\DOCUMENTS\DROPBOX\DEVELOPMENT\CPP\SUBSUMPTION\SUBSUMPTIONROBOTENVIRONMENT\SUBSUMPTIONROBOTENVIRONMENT\DEBUG\SRE_TEST_MAIN.OBJ
C:\USERS\ROZKEN\DOCUMENTS\DROPBOX\DEVELOPMENT\CPP\SUBSUMPTION\SUBSUMPTIONROBOTENVIRONMENT\SUBSUMPTIONROBOTENVIRONMENT\DEBUG\SUBSUMPTIONROBOTENVIRONMENT.EXE.EMBED.MANIFEST
C:\USERS\ROZKEN\DOCUMENTS\DROPBOX\DEVELOPMENT\CPP\SUBSUMPTION\SUBSUMPTIONROBOTENVIRONMENT\SUBSUMPTIONROBOTENVIRONMENT\DEBUG\SUBSUMPTIONROBOTENVIRONMENT.EXE.EMBED.MANIFEST.RES
C:\USERS\ROZKEN\DOCUMENTS\DROPBOX\DEVELOPMENT\CPP\SUBSUMPTION\SUBSUMPTIONROBOTENVIRONMENT\SUBSUMPTIONROBOTENVIRONMENT\DEBUG\SUBSUMPTIONROBOTENVIRONMENT.EXE.INTERMEDIATE.MANIFEST
C:\Users\RozKen\Documents\Dropbox\Development\cpp\subsumption\SubsumptionRobotEnvironment\SubsumptionRobotEnvironment\Debug\SubsumptionRobotEnvironment_manifest.rc
C:\USERS\ROZKEN\DOCUMENTS\DROPBOX\DEVELOPMENT\CPP\SUBSUMPTION\SUBSUMPTIONROBOTENVIRONMENT\SUBSUMPTIONROBOTENVIRONMENT\DEBUG\TUMBLINGARM.OBJ
C:\USERS\ROZKEN\DOCUMENTS\DROPBOX\DEVELOPMENT\CPP\SUBSUMPTION\SUBSUMPTIONROBOTENVIRONMENT\SUBSUMPTIONROBOTENVIRONMENT\DEBUG\TUMBLINGBODY.OBJ
C:\USERS\ROZKEN\DOCUMENTS\DROPBOX\DEVELOPMENT\CPP\SUBSUMPTION\SUBSUMPTIONROBOTENVIRONMENT\SUBSUMPTIONROBOTENVIRONMENT\DEBUG\TUMBLINGROBOT.OBJ
C:\Users\RozKen\Documents\Dropbox\Development\cpp\subsumption\SubsumptionRobotEnvironment\SubsumptionRobotEnvironment\Debug\vc100.idb
C:\USERS\ROZKEN\DOCUMENTS\DROPBOX\DEVELOPMENT\CPP\SUBSUMPTION\SUBSUMPTIONROBOTENVIRONMENT\SUBSUMPTIONROBOTENVIRONMENT\DEBUG\VC100.PDB
C:\USERS\ROZKEN\DOCUMENTS\DROPBOX\DEVELOPMENT\CPP\SUBSUMPTION\SUBSUMPTIONROBOTENVIRONMENT\SUBSUMPTIONROBOTENVIRONMENT\DEBUG\WORLDGL.OBJ
C:\USERS\ROZKEN\DOCUMENTS\DROPBOX\DEVELOPMENT\CPP\SUBSUMPTION\SUBSUMPTIONROBOTENVIRONMENT\SUBSUMPTIONROBOTENVIRONMENT\DEBUG\WORLDPHYSX.OBJ
