2011/06/03 17:55:14 にビルドを開始しました。
     1>ノード 2 上のプロジェクト "C:\Users\RozKen\Documents\Dropbox\Development\cpp\subsumption\SubsumptionRobotEnvironment\SubsumptionRobotEnvironment\SubsumptionRobotEnvironment.vcxproj" (build ターゲット)。
     1>InitializeBuildStatus:
         "AlwaysCreate" が指定されたため "Debug\SubsumptionRobotEnvironment.unsuccessfulbuild" を作成しています。
       ClCompile:
         C:\Program Files (x86)\Microsoft Visual Studio 10.0\VC\bin\CL.exe /c /ZI /nologo /W3 /WX- /Od /Oy- /D WIN32 /D _DEBUG /D _CONSOLE /D _UNICODE /D UNICODE /Gm /EHsc /RTC1 /MDd /GS /fp:precise /Zc:wchar_t /Zc:forScope /Fo"Debug\\" /Fd"Debug\vc100.pdb" /Gd /TP /analyze- /errorReport:prompt TumblingArm.cpp
         TumblingArm.cpp
     1>c:\users\rozken\documents\dropbox\development\cpp\subsumption\subsumptionrobotenvironment\subsumptionrobotenvironment\tumblingarm.cpp(39): warning C4244: '引数' : 'double' から 'NxReal' への変換です。データが失われる可能性があります。
       ManifestResourceCompile:
         すべての出力が最新のものです。
       Link:
         C:\Program Files (x86)\Microsoft Visual Studio 10.0\VC\bin\link.exe /ERRORREPORT:PROMPT /OUT:"C:\Users\RozKen\Documents\Dropbox\Development\cpp\subsumption\SubsumptionRobotEnvironment\Debug\SubsumptionRobotEnvironment.exe" /INCREMENTAL /NOLOGO kernel32.lib user32.lib gdi32.lib winspool.lib comdlg32.lib advapi32.lib shell32.lib ole32.lib oleaut32.lib uuid.lib odbc32.lib odbccp32.lib /MANIFEST /ManifestFile:"Debug\SubsumptionRobotEnvironment.exe.intermediate.manifest" /MANIFESTUAC:"level='asInvoker' uiAccess='false'" /DEBUG /PDB:"C:\Users\RozKen\Documents\Dropbox\Development\cpp\subsumption\SubsumptionRobotEnvironment\Debug\SubsumptionRobotEnvironment.pdb" /SUBSYSTEM:CONSOLE /TLBID:1 /DYNAMICBASE /NXCOMPAT /IMPLIB:"C:\Users\RozKen\Documents\Dropbox\Development\cpp\subsumption\SubsumptionRobotEnvironment\Debug\SubsumptionRobotEnvironment.lib" /MACHINE:X86 Debug\SubsumptionRobotEnvironment.exe.embed.manifest.res
         Debug\ArmControl.obj
         Debug\Client.obj
         Debug\Part.obj
         Debug\Server.obj
         Debug\SRE_test_main.obj
         Debug\TumblingArm.obj
         Debug\TumblingBody.obj
         Debug\TumblingRobot.obj
         Debug\WalkControl.obj
         Debug\WorldGL.obj
         Debug\WorldPhysX.obj
       Manifest:
         C:\Program Files (x86)\Microsoft SDKs\Windows\v7.0A\bin\mt.exe /nologo /verbose /out:"Debug\SubsumptionRobotEnvironment.exe.embed.manifest" /manifest Debug\SubsumptionRobotEnvironment.exe.intermediate.manifest
         すべての出力が最新のものです。
       LinkEmbedManifest:
         すべての出力が最新のものです。
         SubsumptionRobotEnvironment.vcxproj -> C:\Users\RozKen\Documents\Dropbox\Development\cpp\subsumption\SubsumptionRobotEnvironment\Debug\SubsumptionRobotEnvironment.exe
       FinalizeBuildStatus:
         ファイル "Debug\SubsumptionRobotEnvironment.unsuccessfulbuild" を削除しています。
         "Debug\SubsumptionRobotEnvironment.lastbuildstate" のタッチ タスクを実行しています。
     1>プロジェクト "C:\Users\RozKen\Documents\Dropbox\Development\cpp\subsumption\SubsumptionRobotEnvironment\SubsumptionRobotEnvironment\SubsumptionRobotEnvironment.vcxproj" (build ターゲット) のビルドが完了しました。

ビルドに成功しました。

経過時間 00:00:02.75
